{"/Users/emmanuelosuh/Codes/questioner-react/src/api/helpers.js": {"path":"/Users/emmanuelosuh/Codes/questioner-react/src/api/helpers.js","statementMap":{"0":{"start":{"line":3,"column":27},"end":{"line":3,"column":53}},"1":{"start":{"line":3,"column":36},"end":{"line":3,"column":53}},"2":{"start":{"line":5,"column":24},"end":{"line":8,"column":1}},"3":{"start":{"line":6,"column":2},"end":{"line":6,"column":39}},"4":{"start":{"line":7,"column":2},"end":{"line":7,"column":20}},"5":{"start":{"line":10,"column":24},"end":{"line":10,"column":59}},"6":{"start":{"line":10,"column":30},"end":{"line":10,"column":59}},"7":{"start":{"line":12,"column":28},"end":{"line":12,"column":66}},"8":{"start":{"line":12,"column":34},"end":{"line":12,"column":66}}},"fnMap":{"0":{"name":"(anonymous_0)","decl":{"start":{"line":3,"column":27},"end":{"line":3,"column":28}},"loc":{"start":{"line":3,"column":36},"end":{"line":3,"column":53}},"line":3},"1":{"name":"(anonymous_1)","decl":{"start":{"line":5,"column":24},"end":{"line":5,"column":25}},"loc":{"start":{"line":5,"column":33},"end":{"line":8,"column":1}},"line":5},"2":{"name":"(anonymous_2)","decl":{"start":{"line":10,"column":24},"end":{"line":10,"column":25}},"loc":{"start":{"line":10,"column":30},"end":{"line":10,"column":59}},"line":10},"3":{"name":"(anonymous_3)","decl":{"start":{"line":12,"column":28},"end":{"line":12,"column":29}},"loc":{"start":{"line":12,"column":34},"end":{"line":12,"column":66}},"line":12}},"branchMap":{},"s":{"0":3,"1":0,"2":3,"3":2,"4":2,"5":3,"6":5,"7":3,"8":0},"f":{"0":0,"1":2,"2":5,"3":0},"b":{},"_coverageSchema":"43e27e138ebf9cfc5966b082cf9a028302ed4184","hash":"f1f09f16b98162b58dd7524483b6a0c1273bd538"}
,"/Users/emmanuelosuh/Codes/questioner-react/src/api/http.js": {"path":"/Users/emmanuelosuh/Codes/questioner-react/src/api/http.js","statementMap":{"0":{"start":{"line":4,"column":20},"end":{"line":7,"column":2}}},"fnMap":{},"branchMap":{},"s":{"0":3},"f":{},"b":{},"_coverageSchema":"43e27e138ebf9cfc5966b082cf9a028302ed4184","hash":"cbf73f8b194dd94c060060acd22e0eb09afd67b8"}
,"/Users/emmanuelosuh/Codes/questioner-react/src/api/requests.js": {"path":"/Users/emmanuelosuh/Codes/questioner-react/src/api/requests.js","statementMap":{"0":{"start":{"line":3,"column":29},"end":{"line":5,"column":1}},"1":{"start":{"line":4,"column":2},"end":{"line":4,"column":54}},"2":{"start":{"line":7,"column":28},"end":{"line":9,"column":1}},"3":{"start":{"line":8,"column":2},"end":{"line":8,"column":53}},"4":{"start":{"line":11,"column":33},"end":{"line":13,"column":1}},"5":{"start":{"line":12,"column":2},"end":{"line":12,"column":36}}},"fnMap":{"0":{"name":"(anonymous_0)","decl":{"start":{"line":3,"column":29},"end":{"line":3,"column":30}},"loc":{"start":{"line":3,"column":50},"end":{"line":5,"column":1}},"line":3},"1":{"name":"(anonymous_1)","decl":{"start":{"line":7,"column":28},"end":{"line":7,"column":29}},"loc":{"start":{"line":7,"column":49},"end":{"line":9,"column":1}},"line":7},"2":{"name":"(anonymous_2)","decl":{"start":{"line":11,"column":33},"end":{"line":11,"column":34}},"loc":{"start":{"line":11,"column":45},"end":{"line":13,"column":1}},"line":11}},"branchMap":{},"s":{"0":3,"1":2,"2":3,"3":2,"4":3,"5":1},"f":{"0":2,"1":2,"2":1},"b":{},"_coverageSchema":"43e27e138ebf9cfc5966b082cf9a028302ed4184","hash":"2bcd6e4358ac4459016e39121cfb3d27ebca3a58"}
,"/Users/emmanuelosuh/Codes/questioner-react/src/components/authentication/LoginForm.jsx": {"path":"/Users/emmanuelosuh/Codes/questioner-react/src/components/authentication/LoginForm.jsx","statementMap":{"0":{"start":{"line":9,"column":10},"end":{"line":12,"column":3}},"1":{"start":{"line":14,"column":14},"end":{"line":16,"column":4}},"2":{"start":{"line":15,"column":24},"end":{"line":15,"column":44}},"3":{"start":{"line":18,"column":13},"end":{"line":22,"column":3}},"4":{"start":{"line":19,"column":4},"end":{"line":21,"column":7}},"5":{"start":{"line":24,"column":22},"end":{"line":45,"column":3}},"6":{"start":{"line":25,"column":4},"end":{"line":25,"column":23}},"7":{"start":{"line":26,"column":4},"end":{"line":26,"column":34}},"8":{"start":{"line":27,"column":4},"end":{"line":29,"column":7}},"9":{"start":{"line":31,"column":4},"end":{"line":33,"column":5}},"10":{"start":{"line":32,"column":6},"end":{"line":32,"column":19}},"11":{"start":{"line":35,"column":24},"end":{"line":38,"column":5}},"12":{"start":{"line":40,"column":4},"end":{"line":40,"column":44}},"13":{"start":{"line":42,"column":4},"end":{"line":44,"column":5}},"14":{"start":{"line":43,"column":6},"end":{"line":43,"column":22}},"15":{"start":{"line":47,"column":13},"end":{"line":49,"column":3}},"16":{"start":{"line":48,"column":4},"end":{"line":48,"column":33}},"17":{"start":{"line":52,"column":28},"end":{"line":52,"column":38}},"18":{"start":{"line":54,"column":4},"end":{"line":87,"column":6}},"19":{"start":{"line":91,"column":0},"end":{"line":97,"column":2}},"20":{"start":{"line":99,"column":24},"end":{"line":102,"column":2}},"21":{"start":{"line":99,"column":34},"end":{"line":102,"column":1}}},"fnMap":{"0":{"name":"(anonymous_0)","decl":{"start":{"line":15,"column":13},"end":{"line":15,"column":14}},"loc":{"start":{"line":15,"column":24},"end":{"line":15,"column":44}},"line":15},"1":{"name":"(anonymous_1)","decl":{"start":{"line":18,"column":13},"end":{"line":18,"column":14}},"loc":{"start":{"line":18,"column":18},"end":{"line":22,"column":3}},"line":18},"2":{"name":"(anonymous_2)","decl":{"start":{"line":24,"column":22},"end":{"line":24,"column":23}},"loc":{"start":{"line":24,"column":33},"end":{"line":45,"column":3}},"line":24},"3":{"name":"(anonymous_3)","decl":{"start":{"line":47,"column":13},"end":{"line":47,"column":14}},"loc":{"start":{"line":47,"column":19},"end":{"line":49,"column":3}},"line":47},"4":{"name":"(anonymous_4)","decl":{"start":{"line":51,"column":2},"end":{"line":51,"column":3}},"loc":{"start":{"line":51,"column":11},"end":{"line":88,"column":3}},"line":51},"5":{"name":"(anonymous_5)","decl":{"start":{"line":99,"column":24},"end":{"line":99,"column":25}},"loc":{"start":{"line":99,"column":34},"end":{"line":102,"column":1}},"line":99}},"branchMap":{"0":{"loc":{"start":{"line":31,"column":4},"end":{"line":33,"column":5}},"type":"if","locations":[{"start":{"line":31,"column":4},"end":{"line":33,"column":5}},{"start":{"line":31,"column":4},"end":{"line":33,"column":5}}],"line":31},"1":{"loc":{"start":{"line":42,"column":4},"end":{"line":44,"column":5}},"type":"if","locations":[{"start":{"line":42,"column":4},"end":{"line":44,"column":5}},{"start":{"line":42,"column":4},"end":{"line":44,"column":5}}],"line":42},"2":{"loc":{"start":{"line":81,"column":11},"end":{"line":83,"column":11}},"type":"binary-expr","locations":[{"start":{"line":81,"column":11},"end":{"line":81,"column":41}},{"start":{"line":82,"column":12},"end":{"line":82,"column":50}}],"line":81}},"s":{"0":0,"1":0,"2":0,"3":0,"4":0,"5":0,"6":0,"7":0,"8":0,"9":0,"10":0,"11":0,"12":0,"13":0,"14":0,"15":0,"16":0,"17":0,"18":0,"19":1,"20":1,"21":1},"f":{"0":0,"1":0,"2":0,"3":0,"4":0,"5":1},"b":{"0":[0,0],"1":[0,0],"2":[0,0]},"_coverageSchema":"43e27e138ebf9cfc5966b082cf9a028302ed4184","hash":"07d82f9bc57d79b1013706bd5252d1d92db38352"}
,"/Users/emmanuelosuh/Codes/questioner-react/src/store/index.js": {"path":"/Users/emmanuelosuh/Codes/questioner-react/src/store/index.js","statementMap":{"0":{"start":{"line":5,"column":19},"end":{"line":5,"column":26}},"1":{"start":{"line":7,"column":14},"end":{"line":16,"column":1}}},"fnMap":{},"branchMap":{"0":{"loc":{"start":{"line":12,"column":4},"end":{"line":14,"column":13}},"type":"binary-expr","locations":[{"start":{"line":12,"column":5},"end":{"line":12,"column":40}},{"start":{"line":13,"column":6},"end":{"line":13,"column":43}},{"start":{"line":14,"column":6},"end":{"line":14,"column":13}}],"line":12}},"s":{"0":1,"1":1},"f":{},"b":{"0":[1,0,1]},"_coverageSchema":"43e27e138ebf9cfc5966b082cf9a028302ed4184","hash":"687e1e904f614c400e4dbdccc7f713d34daf2cf1"}
,"/Users/emmanuelosuh/Codes/questioner-react/src/store/rootReducer.js": {"path":"/Users/emmanuelosuh/Codes/questioner-react/src/store/rootReducer.js","statementMap":{},"fnMap":{},"branchMap":{},"s":{},"f":{},"b":{},"_coverageSchema":"43e27e138ebf9cfc5966b082cf9a028302ed4184","hash":"915f734db2c426d885e813b9d70ffa7d1b3e6239"}
,"/Users/emmanuelosuh/Codes/questioner-react/src/store/modules/auth.js": {"path":"/Users/emmanuelosuh/Codes/questioner-react/src/store/modules/auth.js","statementMap":{"0":{"start":{"line":4,"column":30},"end":{"line":4,"column":46}},"1":{"start":{"line":5,"column":30},"end":{"line":5,"column":46}},"2":{"start":{"line":6,"column":29},"end":{"line":6,"column":44}},"3":{"start":{"line":7,"column":29},"end":{"line":7,"column":44}},"4":{"start":{"line":8,"column":34},"end":{"line":8,"column":54}},"5":{"start":{"line":10,"column":21},"end":{"line":14,"column":1}},"6":{"start":{"line":16,"column":29},"end":{"line":19,"column":2}},"7":{"start":{"line":16,"column":42},"end":{"line":19,"column":1}},"8":{"start":{"line":20,"column":29},"end":{"line":23,"column":2}},"9":{"start":{"line":20,"column":39},"end":{"line":23,"column":1}},"10":{"start":{"line":24,"column":28},"end":{"line":27,"column":2}},"11":{"start":{"line":24,"column":41},"end":{"line":27,"column":1}},"12":{"start":{"line":28,"column":28},"end":{"line":31,"column":2}},"13":{"start":{"line":28,"column":38},"end":{"line":31,"column":1}},"14":{"start":{"line":32,"column":33},"end":{"line":34,"column":2}},"15":{"start":{"line":32,"column":40},"end":{"line":34,"column":1}},"16":{"start":{"line":36,"column":25},"end":{"line":48,"column":1}},"17":{"start":{"line":37,"column":2},"end":{"line":47,"column":4}},"18":{"start":{"line":38,"column":4},"end":{"line":46,"column":5}},"19":{"start":{"line":39,"column":6},"end":{"line":39,"column":36}},"20":{"start":{"line":40,"column":23},"end":{"line":40,"column":51}},"21":{"start":{"line":41,"column":6},"end":{"line":41,"column":35}},"22":{"start":{"line":42,"column":6},"end":{"line":42,"column":48}},"23":{"start":{"line":44,"column":23},"end":{"line":44,"column":37}},"24":{"start":{"line":45,"column":6},"end":{"line":45,"column":41}},"25":{"start":{"line":50,"column":26},"end":{"line":63,"column":1}},"26":{"start":{"line":51,"column":2},"end":{"line":62,"column":4}},"27":{"start":{"line":52,"column":4},"end":{"line":61,"column":5}},"28":{"start":{"line":53,"column":6},"end":{"line":53,"column":36}},"29":{"start":{"line":54,"column":23},"end":{"line":54,"column":52}},"30":{"start":{"line":55,"column":23},"end":{"line":55,"column":35}},"31":{"start":{"line":56,"column":6},"end":{"line":56,"column":35}},"32":{"start":{"line":57,"column":6},"end":{"line":57,"column":36}},"33":{"start":{"line":59,"column":23},"end":{"line":59,"column":37}},"34":{"start":{"line":60,"column":6},"end":{"line":60,"column":42}},"35":{"start":{"line":65,"column":27},"end":{"line":99,"column":1}},"36":{"start":{"line":66,"column":2},"end":{"line":98,"column":3}},"37":{"start":{"line":68,"column":6},"end":{"line":71,"column":8}},"38":{"start":{"line":73,"column":6},"end":{"line":77,"column":8}},"39":{"start":{"line":79,"column":6},"end":{"line":83,"column":8}},"40":{"start":{"line":85,"column":6},"end":{"line":89,"column":8}},"41":{"start":{"line":91,"column":6},"end":{"line":95,"column":8}},"42":{"start":{"line":97,"column":6},"end":{"line":97,"column":19}}},"fnMap":{"0":{"name":"(anonymous_0)","decl":{"start":{"line":16,"column":29},"end":{"line":16,"column":30}},"loc":{"start":{"line":16,"column":42},"end":{"line":19,"column":1}},"line":16},"1":{"name":"(anonymous_1)","decl":{"start":{"line":20,"column":29},"end":{"line":20,"column":30}},"loc":{"start":{"line":20,"column":39},"end":{"line":23,"column":1}},"line":20},"2":{"name":"(anonymous_2)","decl":{"start":{"line":24,"column":28},"end":{"line":24,"column":29}},"loc":{"start":{"line":24,"column":41},"end":{"line":27,"column":1}},"line":24},"3":{"name":"(anonymous_3)","decl":{"start":{"line":28,"column":28},"end":{"line":28,"column":29}},"loc":{"start":{"line":28,"column":38},"end":{"line":31,"column":1}},"line":28},"4":{"name":"(anonymous_4)","decl":{"start":{"line":32,"column":33},"end":{"line":32,"column":34}},"loc":{"start":{"line":32,"column":40},"end":{"line":34,"column":1}},"line":32},"5":{"name":"(anonymous_5)","decl":{"start":{"line":36,"column":25},"end":{"line":36,"column":26}},"loc":{"start":{"line":36,"column":37},"end":{"line":48,"column":1}},"line":36},"6":{"name":"(anonymous_6)","decl":{"start":{"line":37,"column":9},"end":{"line":37,"column":10}},"loc":{"start":{"line":37,"column":27},"end":{"line":47,"column":3}},"line":37},"7":{"name":"(anonymous_7)","decl":{"start":{"line":50,"column":26},"end":{"line":50,"column":27}},"loc":{"start":{"line":50,"column":38},"end":{"line":63,"column":1}},"line":50},"8":{"name":"(anonymous_8)","decl":{"start":{"line":51,"column":9},"end":{"line":51,"column":10}},"loc":{"start":{"line":51,"column":27},"end":{"line":62,"column":3}},"line":51},"9":{"name":"(anonymous_9)","decl":{"start":{"line":65,"column":27},"end":{"line":65,"column":28}},"loc":{"start":{"line":65,"column":61},"end":{"line":99,"column":1}},"line":65}},"branchMap":{"0":{"loc":{"start":{"line":65,"column":28},"end":{"line":65,"column":48}},"type":"default-arg","locations":[{"start":{"line":65,"column":36},"end":{"line":65,"column":48}}],"line":65},"1":{"loc":{"start":{"line":66,"column":2},"end":{"line":98,"column":3}},"type":"switch","locations":[{"start":{"line":67,"column":4},"end":{"line":71,"column":8}},{"start":{"line":72,"column":4},"end":{"line":77,"column":8}},{"start":{"line":78,"column":4},"end":{"line":83,"column":8}},{"start":{"line":84,"column":4},"end":{"line":89,"column":8}},{"start":{"line":90,"column":4},"end":{"line":95,"column":8}},{"start":{"line":96,"column":4},"end":{"line":97,"column":19}}],"line":66}},"s":{"0":2,"1":2,"2":2,"3":2,"4":2,"5":2,"6":2,"7":2,"8":2,"9":2,"10":2,"11":2,"12":2,"13":2,"14":2,"15":5,"16":2,"17":2,"18":2,"19":2,"20":2,"21":1,"22":1,"23":1,"24":1,"25":2,"26":2,"27":2,"28":2,"29":2,"30":1,"31":1,"32":1,"33":1,"34":1,"35":2,"36":9,"37":1,"38":1,"39":1,"40":1,"41":1,"42":4},"f":{"0":2,"1":2,"2":2,"3":2,"4":5,"5":2,"6":2,"7":2,"8":2,"9":9},"b":{"0":[4],"1":[1,1,1,1,1,4]},"_coverageSchema":"43e27e138ebf9cfc5966b082cf9a028302ed4184","hash":"ffecc61040fb9a003fba34c3a8f8b8562022cf3c"}
,"/Users/emmanuelosuh/Codes/questioner-react/src/store/modules/meetup.js": {"path":"/Users/emmanuelosuh/Codes/questioner-react/src/store/modules/meetup.js","statementMap":{"0":{"start":{"line":4,"column":28},"end":{"line":8,"column":1}},"1":{"start":{"line":10,"column":35},"end":{"line":10,"column":56}},"2":{"start":{"line":11,"column":35},"end":{"line":11,"column":56}},"3":{"start":{"line":12,"column":34},"end":{"line":12,"column":54}},"4":{"start":{"line":14,"column":33},"end":{"line":17,"column":2}},"5":{"start":{"line":14,"column":43},"end":{"line":17,"column":1}},"6":{"start":{"line":19,"column":33},"end":{"line":22,"column":2}},"7":{"start":{"line":19,"column":45},"end":{"line":22,"column":1}},"8":{"start":{"line":24,"column":33},"end":{"line":26,"column":2}},"9":{"start":{"line":24,"column":40},"end":{"line":26,"column":1}},"10":{"start":{"line":28,"column":26},"end":{"line":38,"column":1}},"11":{"start":{"line":28,"column":32},"end":{"line":38,"column":1}},"12":{"start":{"line":29,"column":2},"end":{"line":29,"column":32}},"13":{"start":{"line":30,"column":2},"end":{"line":37,"column":3}},"14":{"start":{"line":33,"column":8},"end":{"line":33,"column":33}},"15":{"start":{"line":34,"column":4},"end":{"line":34,"column":41}},"16":{"start":{"line":36,"column":4},"end":{"line":36,"column":46}},"17":{"start":{"line":40,"column":29},"end":{"line":63,"column":1}},"18":{"start":{"line":41,"column":2},"end":{"line":62,"column":3}},"19":{"start":{"line":43,"column":6},"end":{"line":46,"column":8}},"20":{"start":{"line":48,"column":6},"end":{"line":52,"column":8}},"21":{"start":{"line":55,"column":6},"end":{"line":59,"column":8}},"22":{"start":{"line":61,"column":6},"end":{"line":61,"column":19}}},"fnMap":{"0":{"name":"(anonymous_0)","decl":{"start":{"line":14,"column":33},"end":{"line":14,"column":34}},"loc":{"start":{"line":14,"column":43},"end":{"line":17,"column":1}},"line":14},"1":{"name":"(anonymous_1)","decl":{"start":{"line":19,"column":33},"end":{"line":19,"column":34}},"loc":{"start":{"line":19,"column":45},"end":{"line":22,"column":1}},"line":19},"2":{"name":"(anonymous_2)","decl":{"start":{"line":24,"column":33},"end":{"line":24,"column":34}},"loc":{"start":{"line":24,"column":40},"end":{"line":26,"column":1}},"line":24},"3":{"name":"(anonymous_3)","decl":{"start":{"line":28,"column":26},"end":{"line":28,"column":27}},"loc":{"start":{"line":28,"column":32},"end":{"line":38,"column":1}},"line":28},"4":{"name":"(anonymous_4)","decl":{"start":{"line":28,"column":32},"end":{"line":28,"column":33}},"loc":{"start":{"line":28,"column":50},"end":{"line":38,"column":1}},"line":28},"5":{"name":"(anonymous_5)","decl":{"start":{"line":40,"column":29},"end":{"line":40,"column":30}},"loc":{"start":{"line":40,"column":63},"end":{"line":63,"column":1}},"line":40}},"branchMap":{"0":{"loc":{"start":{"line":40,"column":30},"end":{"line":40,"column":50}},"type":"default-arg","locations":[{"start":{"line":40,"column":38},"end":{"line":40,"column":50}}],"line":40},"1":{"loc":{"start":{"line":41,"column":2},"end":{"line":62,"column":3}},"type":"switch","locations":[{"start":{"line":42,"column":4},"end":{"line":46,"column":8}},{"start":{"line":47,"column":4},"end":{"line":52,"column":8}},{"start":{"line":54,"column":4},"end":{"line":59,"column":8}},{"start":{"line":60,"column":4},"end":{"line":61,"column":19}}],"line":41}},"s":{"0":2,"1":2,"2":2,"3":2,"4":2,"5":1,"6":2,"7":2,"8":2,"9":2,"10":2,"11":1,"12":1,"13":1,"14":1,"15":1,"16":0,"17":2,"18":7,"19":1,"20":1,"21":1,"22":4},"f":{"0":1,"1":2,"2":2,"3":1,"4":1,"5":7},"b":{"0":[4],"1":[1,1,1,4]},"_coverageSchema":"43e27e138ebf9cfc5966b082cf9a028302ed4184","hash":"855c83302811ff4c947f769d2b22559ee19e8848"}
,"/Users/emmanuelosuh/Codes/questioner-react/src/utils/mockStore.js": {"path":"/Users/emmanuelosuh/Codes/questioner-react/src/utils/mockStore.js","statementMap":{"0":{"start":{"line":4,"column":13},"end":{"line":4,"column":36}},"1":{"start":{"line":6,"column":25},"end":{"line":6,"column":59}},"2":{"start":{"line":6,"column":41},"end":{"line":6,"column":59}}},"fnMap":{"0":{"name":"(anonymous_0)","decl":{"start":{"line":6,"column":25},"end":{"line":6,"column":26}},"loc":{"start":{"line":6,"column":41},"end":{"line":6,"column":59}},"line":6}},"branchMap":{},"s":{"0":2,"1":2,"2":21},"f":{"0":21},"b":{},"_coverageSchema":"43e27e138ebf9cfc5966b082cf9a028302ed4184","hash":"5f33ca6cac9039b17ee038d81a7bda8da09f4a65"}
}
