TN:
SF:/Users/emmanuelosuh/Codes/questioner-react/src/api/helpers.js
FN:3,(anonymous_0)
FN:5,(anonymous_1)
FN:10,(anonymous_2)
FN:12,(anonymous_3)
FNF:4
FNH:1
FNDA:0,(anonymous_0)
FNDA:0,(anonymous_1)
FNDA:1,(anonymous_2)
FNDA:0,(anonymous_3)
DA:3,1
DA:5,1
DA:6,0
DA:7,0
DA:10,1
DA:12,1
LF:6
LH:4
BRF:0
BRH:0
end_of_record
TN:
SF:/Users/emmanuelosuh/Codes/questioner-react/src/api/http.js
FNF:0
FNH:0
DA:4,1
LF:1
LH:1
BRF:0
BRH:0
end_of_record
TN:
SF:/Users/emmanuelosuh/Codes/questioner-react/src/api/requests.js
FN:3,(anonymous_0)
FN:7,(anonymous_1)
FN:11,(anonymous_2)
FNF:3
FNH:0
FNDA:0,(anonymous_0)
FNDA:0,(anonymous_1)
FNDA:0,(anonymous_2)
DA:3,1
DA:4,0
DA:7,1
DA:8,0
DA:11,1
DA:12,0
LF:6
LH:3
BRF:0
BRH:0
end_of_record
TN:
SF:/Users/emmanuelosuh/Codes/questioner-react/src/components/authentication/LoginForm.jsx
FN:15,(anonymous_0)
FN:18,(anonymous_1)
FN:24,(anonymous_2)
FN:47,(anonymous_3)
FN:51,(anonymous_4)
FN:99,(anonymous_5)
FNF:6
FNH:1
FNDA:0,(anonymous_0)
FNDA:0,(anonymous_1)
FNDA:0,(anonymous_2)
FNDA:0,(anonymous_3)
FNDA:0,(anonymous_4)
FNDA:1,(anonymous_5)
DA:9,0
DA:14,0
DA:15,0
DA:18,0
DA:19,0
DA:24,0
DA:25,0
DA:26,0
DA:27,0
DA:31,0
DA:32,0
DA:35,0
DA:40,0
DA:42,0
DA:43,0
DA:47,0
DA:48,0
DA:52,0
DA:54,0
DA:91,1
DA:99,1
LF:21
LH:2
BRDA:31,0,0,0
BRDA:31,0,1,0
BRDA:42,1,0,0
BRDA:42,1,1,0
BRDA:81,2,0,0
BRDA:81,2,1,0
BRF:6
BRH:0
end_of_record
TN:
SF:/Users/emmanuelosuh/Codes/questioner-react/src/store/index.js
FNF:0
FNH:0
DA:5,1
DA:7,1
LF:2
LH:2
BRDA:12,0,0,1
BRDA:12,0,1,0
BRDA:12,0,2,1
BRF:3
BRH:2
end_of_record
TN:
SF:/Users/emmanuelosuh/Codes/questioner-react/src/store/rootReducer.js
FNF:0
FNH:0
LF:0
LH:0
BRF:0
BRH:0
end_of_record
TN:
SF:/Users/emmanuelosuh/Codes/questioner-react/src/store/modules/auth.js
FN:16,(anonymous_0)
FN:20,(anonymous_1)
FN:24,(anonymous_2)
FN:28,(anonymous_3)
FN:32,(anonymous_4)
FN:36,(anonymous_5)
FN:37,(anonymous_6)
FN:50,(anonymous_7)
FN:51,(anonymous_8)
FN:65,(anonymous_9)
FNF:10
FNH:1
FNDA:0,(anonymous_0)
FNDA:0,(anonymous_1)
FNDA:0,(anonymous_2)
FNDA:0,(anonymous_3)
FNDA:0,(anonymous_4)
FNDA:0,(anonymous_5)
FNDA:0,(anonymous_6)
FNDA:0,(anonymous_7)
FNDA:0,(anonymous_8)
FNDA:3,(anonymous_9)
DA:4,1
DA:5,1
DA:6,1
DA:7,1
DA:8,1
DA:10,1
DA:16,1
DA:20,1
DA:24,1
DA:28,1
DA:32,1
DA:36,1
DA:37,0
DA:38,0
DA:39,0
DA:40,0
DA:41,0
DA:42,0
DA:44,0
DA:45,0
DA:50,1
DA:51,0
DA:52,0
DA:53,0
DA:54,0
DA:55,0
DA:56,0
DA:57,0
DA:59,0
DA:60,0
DA:65,1
DA:66,3
DA:68,0
DA:73,0
DA:79,0
DA:85,0
DA:91,0
DA:97,3
LF:38
LH:16
BRDA:65,0,0,3
BRDA:66,1,0,0
BRDA:66,1,1,0
BRDA:66,1,2,0
BRDA:66,1,3,0
BRDA:66,1,4,0
BRDA:66,1,5,3
BRF:7
BRH:2
end_of_record
TN:
SF:/Users/emmanuelosuh/Codes/questioner-react/src/store/modules/meetup.js
FN:13,(anonymous_0)
FN:18,(anonymous_1)
FN:23,(anonymous_2)
FN:27,(anonymous_3)
FN:27,(anonymous_4)
FN:39,(anonymous_5)
FNF:6
FNH:1
FNDA:0,(anonymous_0)
FNDA:0,(anonymous_1)
FNDA:0,(anonymous_2)
FNDA:0,(anonymous_3)
FNDA:0,(anonymous_4)
FNDA:3,(anonymous_5)
DA:4,1
DA:9,1
DA:10,1
DA:11,1
DA:13,1
DA:18,1
DA:23,1
DA:27,1
DA:28,0
DA:29,0
DA:32,0
DA:33,0
DA:35,0
DA:39,1
DA:40,3
DA:42,0
DA:47,3
LF:17
LH:11
BRDA:39,0,0,3
BRDA:40,1,0,0
BRDA:40,1,1,3
BRF:3
BRH:2
end_of_record
