TN:
SF:/Users/emmanuelosuh/Codes/questioner-react/src/api/helpers.js
FN:3,(anonymous_0)
FN:5,(anonymous_1)
FN:10,(anonymous_2)
FN:12,(anonymous_3)
FNF:4
FNH:2
FNDA:0,(anonymous_0)
FNDA:2,(anonymous_1)
FNDA:4,(anonymous_2)
FNDA:0,(anonymous_3)
DA:3,2
DA:5,2
DA:6,2
DA:7,2
DA:10,4
DA:12,2
LF:6
LH:6
BRF:0
BRH:0
end_of_record
TN:
SF:/Users/emmanuelosuh/Codes/questioner-react/src/api/http.js
FNF:0
FNH:0
DA:4,2
LF:1
LH:1
BRF:0
BRH:0
end_of_record
TN:
SF:/Users/emmanuelosuh/Codes/questioner-react/src/api/requests.js
FN:3,(anonymous_0)
FN:7,(anonymous_1)
FN:11,(anonymous_2)
FNF:3
FNH:2
FNDA:1,(anonymous_0)
FNDA:1,(anonymous_1)
FNDA:0,(anonymous_2)
DA:3,2
DA:4,1
DA:7,2
DA:8,1
DA:11,2
DA:12,0
LF:6
LH:5
BRF:0
BRH:0
end_of_record
TN:
SF:/Users/emmanuelosuh/Codes/questioner-react/src/components/authentication/LoginForm.jsx
FN:15,(anonymous_0)
FN:18,(anonymous_1)
FN:24,(anonymous_2)
FN:47,(anonymous_3)
FN:51,(anonymous_4)
FN:99,(anonymous_5)
FNF:6
FNH:1
FNDA:0,(anonymous_0)
FNDA:0,(anonymous_1)
FNDA:0,(anonymous_2)
FNDA:0,(anonymous_3)
FNDA:0,(anonymous_4)
FNDA:1,(anonymous_5)
DA:9,0
DA:14,0
DA:15,0
DA:18,0
DA:19,0
DA:24,0
DA:25,0
DA:26,0
DA:27,0
DA:31,0
DA:32,0
DA:35,0
DA:40,0
DA:42,0
DA:43,0
DA:47,0
DA:48,0
DA:52,0
DA:54,0
DA:91,1
DA:99,1
LF:21
LH:2
BRDA:31,0,0,0
BRDA:31,0,1,0
BRDA:42,1,0,0
BRDA:42,1,1,0
BRDA:81,2,0,0
BRDA:81,2,1,0
BRF:6
BRH:0
end_of_record
TN:
SF:/Users/emmanuelosuh/Codes/questioner-react/src/store/index.js
FNF:0
FNH:0
DA:5,1
DA:7,1
LF:2
LH:2
BRDA:12,0,0,1
BRDA:12,0,1,0
BRDA:12,0,2,1
BRF:3
BRH:2
end_of_record
TN:
SF:/Users/emmanuelosuh/Codes/questioner-react/src/store/rootReducer.js
FNF:0
FNH:0
LF:0
LH:0
BRF:0
BRH:0
end_of_record
TN:
SF:/Users/emmanuelosuh/Codes/questioner-react/src/store/modules/auth.js
FN:16,(anonymous_0)
FN:20,(anonymous_1)
FN:24,(anonymous_2)
FN:28,(anonymous_3)
FN:32,(anonymous_4)
FN:36,(anonymous_5)
FN:37,(anonymous_6)
FN:50,(anonymous_7)
FN:51,(anonymous_8)
FN:66,(anonymous_9)
FNF:10
FNH:10
FNDA:2,(anonymous_0)
FNDA:1,(anonymous_1)
FNDA:2,(anonymous_2)
FNDA:1,(anonymous_3)
FNDA:3,(anonymous_4)
FNDA:1,(anonymous_5)
FNDA:1,(anonymous_6)
FNDA:1,(anonymous_7)
FNDA:1,(anonymous_8)
FNDA:9,(anonymous_9)
DA:4,2
DA:5,2
DA:6,2
DA:7,2
DA:8,2
DA:10,2
DA:16,2
DA:20,2
DA:24,2
DA:28,2
DA:32,3
DA:36,2
DA:37,1
DA:38,1
DA:39,1
DA:40,1
DA:41,1
DA:42,1
DA:44,0
DA:45,0
DA:50,2
DA:51,1
DA:52,1
DA:53,1
DA:54,1
DA:55,1
DA:56,1
DA:57,1
DA:59,0
DA:60,0
DA:61,0
DA:66,2
DA:67,9
DA:69,1
DA:74,1
DA:80,1
DA:86,1
DA:92,1
DA:98,4
LF:39
LH:34
BRDA:66,0,0,4
BRDA:67,1,0,1
BRDA:67,1,1,1
BRDA:67,1,2,1
BRDA:67,1,3,1
BRDA:67,1,4,1
BRDA:67,1,5,4
BRF:7
BRH:7
end_of_record
TN:
SF:/Users/emmanuelosuh/Codes/questioner-react/src/store/modules/meetup.js
FN:13,(anonymous_0)
FN:18,(anonymous_1)
FN:23,(anonymous_2)
FN:27,(anonymous_3)
FN:27,(anonymous_4)
FN:39,(anonymous_5)
FNF:6
FNH:1
FNDA:0,(anonymous_0)
FNDA:0,(anonymous_1)
FNDA:0,(anonymous_2)
FNDA:0,(anonymous_3)
FNDA:0,(anonymous_4)
FNDA:3,(anonymous_5)
DA:4,1
DA:9,1
DA:10,1
DA:11,1
DA:13,1
DA:18,1
DA:23,1
DA:27,1
DA:28,0
DA:29,0
DA:32,0
DA:33,0
DA:35,0
DA:39,1
DA:40,3
DA:42,0
DA:47,3
LF:17
LH:11
BRDA:39,0,0,3
BRDA:40,1,0,0
BRDA:40,1,1,3
BRF:3
BRH:2
end_of_record
TN:
SF:/Users/emmanuelosuh/Codes/questioner-react/src/utils/mockStore.js
FN:6,(anonymous_0)
FNF:1
FNH:1
FNDA:11,(anonymous_0)
DA:4,1
DA:6,11
LF:2
LH:2
BRF:0
BRH:0
end_of_record
